[debug] [2021-03-11T17:16:22.301Z] ----------------------------------------------------------------------
[debug] [2021-03-11T17:16:22.302Z] Command:       C:\Program Files\nodejs\node.exe C:\Users\s.schnydrig\AppData\Roaming\npm\node_modules\firebase-tools\lib\bin\firebase.js deploy
[debug] [2021-03-11T17:16:22.303Z] CLI Version:   9.6.0
[debug] [2021-03-11T17:16:22.303Z] Platform:      win32
[debug] [2021-03-11T17:16:22.303Z] Node Version:  v14.16.0
[debug] [2021-03-11T17:16:22.303Z] Time:          Thu Mar 11 2021 18:16:22 GMT+0100 (Central European Standard Time)
[debug] [2021-03-11T17:16:22.304Z] ----------------------------------------------------------------------
[debug] [2021-03-11T17:16:22.304Z] 
[debug] [2021-03-11T17:16:22.309Z] > command requires scopes: ["email","openid","https://www.googleapis.com/auth/cloudplatformprojects.readonly","https://www.googleapis.com/auth/firebase","https://www.googleapis.com/auth/cloud-platform"]
[debug] [2021-03-11T17:16:22.309Z] > authorizing via signed-in user
[debug] [2021-03-11T17:16:22.309Z] [iam] checking project ssr-debug-78dbc for permissions ["cloudfunctions.functions.create","cloudfunctions.functions.delete","cloudfunctions.functions.get","cloudfunctions.functions.list","cloudfunctions.functions.update","cloudfunctions.operations.get","datastore.indexes.create","datastore.indexes.delete","datastore.indexes.list","datastore.indexes.update","firebase.projects.get","firebasehosting.sites.update","firebaserules.releases.create","firebaserules.releases.update","firebaserules.rulesets.create"]
[debug] [2021-03-11T17:16:22.311Z] >>> HTTP REQUEST POST https://cloudresourcemanager.googleapis.com/v1/projects/ssr-debug-78dbc:testIamPermissions  
 {"permissions":["cloudfunctions.functions.create","cloudfunctions.functions.delete","cloudfunctions.functions.get","cloudfunctions.functions.list","cloudfunctions.functions.update","cloudfunctions.operations.get","datastore.indexes.create","datastore.indexes.delete","datastore.indexes.list","datastore.indexes.update","firebase.projects.get","firebasehosting.sites.update","firebaserules.releases.create","firebaserules.releases.update","firebaserules.rulesets.create"]}
[debug] [2021-03-11T17:16:23.054Z] <<< HTTP RESPONSE 200 {"content-type":"application/json; charset=UTF-8","vary":"X-Origin, Referer, Origin,Accept-Encoding","date":"Thu, 11 Mar 2021 17:16:20 GMT","server":"ESF","cache-control":"private","x-xss-protection":"0","x-frame-options":"SAMEORIGIN","x-content-type-options":"nosniff","server-timing":"gfet4t7; dur=647","alt-svc":"h3-29=\":443\"; ma=2592000,h3-T051=\":443\"; ma=2592000,h3-Q050=\":443\"; ma=2592000,h3-Q046=\":443\"; ma=2592000,h3-Q043=\":443\"; ma=2592000,quic=\":443\"; ma=2592000; v=\"46,43\"","accept-ranges":"none","transfer-encoding":"chunked"}
[debug] [2021-03-11T17:16:23.056Z] >>> HTTP REQUEST POST https://iam.googleapis.com/v1/projects/ssr-debug-78dbc/serviceAccounts/ssr-debug-78dbc@appspot.gserviceaccount.com:testIamPermissions  
 {"permissions":["iam.serviceAccounts.actAs"]}
[debug] [2021-03-11T17:16:23.790Z] <<< HTTP RESPONSE 200 {"content-type":"application/json; charset=UTF-8","vary":"X-Origin, Referer, Origin,Accept-Encoding","date":"Thu, 11 Mar 2021 17:16:21 GMT","server":"ESF","cache-control":"private","x-xss-protection":"0","x-frame-options":"SAMEORIGIN","x-content-type-options":"nosniff","alt-svc":"h3-29=\":443\"; ma=2592000,h3-T051=\":443\"; ma=2592000,h3-Q050=\":443\"; ma=2592000,h3-Q046=\":443\"; ma=2592000,h3-Q043=\":443\"; ma=2592000,quic=\":443\"; ma=2592000; v=\"46,43\"","accept-ranges":"none","transfer-encoding":"chunked"}
[debug] [2021-03-11T17:16:23.792Z] > refreshing access token with scopes: []
[debug] [2021-03-11T17:16:23.793Z] >>> HTTP REQUEST POST https://www.googleapis.com/oauth2/v3/token  
 <request body omitted>
[debug] [2021-03-11T17:16:23.930Z] <<< HTTP RESPONSE 200 {"cache-control":"no-cache, no-store, max-age=0, must-revalidate","pragma":"no-cache","expires":"Mon, 01 Jan 1990 00:00:00 GMT","date":"Thu, 11 Mar 2021 17:16:21 GMT","content-type":"application/json; charset=utf-8","vary":"X-Origin, Referer, Origin,Accept-Encoding","server":"scaffolding on HTTPServer2","x-xss-protection":"0","x-frame-options":"SAMEORIGIN","x-content-type-options":"nosniff","alt-svc":"h3-29=\":443\"; ma=2592000,h3-T051=\":443\"; ma=2592000,h3-Q050=\":443\"; ma=2592000,h3-Q046=\":443\"; ma=2592000,h3-Q043=\":443\"; ma=2592000,quic=\":443\"; ma=2592000; v=\"46,43\"","accept-ranges":"none","transfer-encoding":"chunked"}
[debug] [2021-03-11T17:16:23.947Z] >>> [apiv2][query] GET https://firebase.googleapis.com/v1beta1/projects/ssr-debug-78dbc [none]
[debug] [2021-03-11T17:16:24.134Z] <<< [apiv2][status] GET https://firebase.googleapis.com/v1beta1/projects/ssr-debug-78dbc 200
[debug] [2021-03-11T17:16:24.134Z] <<< [apiv2][body] GET https://firebase.googleapis.com/v1beta1/projects/ssr-debug-78dbc {"projectId":"ssr-debug-78dbc","projectNumber":"220201589279","displayName":"ssr-debug","name":"projects/ssr-debug-78dbc","resources":{"hostingSite":"ssr-debug-78dbc","storageBucket":"ssr-debug-78dbc.appspot.com","locationId":"europe-west"},"state":"ACTIVE"}
[debug] [2021-03-11T17:16:24.142Z] getFunctionsSDKVersion encountered error: Error: spawnSync C:\windows\system32\cmd.exe ENOENT
    at Object.spawnSync (internal/child_process.js:1067:20)
    at Object.spawnSync (child_process.js:602:24)
    at Function.spawnSync [as sync] (C:\Users\s.schnydrig\AppData\Roaming\npm\node_modules\firebase-tools\node_modules\cross-spawn\index.js:26:23)
    at getFunctionsSDKVersion (C:\Users\s.schnydrig\AppData\Roaming\npm\node_modules\firebase-tools\lib\checkFirebaseSDKVersion.js:13:29)
    at Object.checkFunctionsSDKVersion [as fn] (C:\Users\s.schnydrig\AppData\Roaming\npm\node_modules\firebase-tools\lib\checkFirebaseSDKVersion.js:35:28)
    at C:\Users\s.schnydrig\AppData\Roaming\npm\node_modules\firebase-tools\lib\command.js:161:30
    at processTicksAndRejections (internal/process/task_queues.js:93:5)
[debug] [2021-03-11T17:16:24.143Z] getFunctionsSDKVersion was unable to retrieve 'firebase-functions' version
[info] 
[info] === Deploying to 'ssr-debug-78dbc'...
[info] 
[info] i  deploying storage, firestore, functions, hosting 
[debug] [2021-03-11T17:16:24.145Z] > refreshing access token with scopes: ["email","https://www.googleapis.com/auth/cloud-platform","https://www.googleapis.com/auth/cloudplatformprojects.readonly","https://www.googleapis.com/auth/firebase","openid"]
[debug] [2021-03-11T17:16:24.145Z] >>> HTTP REQUEST POST https://www.googleapis.com/oauth2/v3/token  
 <request body omitted>
[debug] [2021-03-11T17:16:24.240Z] <<< HTTP RESPONSE 200 {"cache-control":"no-cache, no-store, max-age=0, must-revalidate","pragma":"no-cache","date":"Thu, 11 Mar 2021 17:16:22 GMT","expires":"Mon, 01 Jan 1990 00:00:00 GMT","content-type":"application/json; charset=utf-8","vary":"X-Origin, Referer, Origin,Accept-Encoding","server":"scaffolding on HTTPServer2","x-xss-protection":"0","x-frame-options":"SAMEORIGIN","x-content-type-options":"nosniff","alt-svc":"h3-29=\":443\"; ma=2592000,h3-T051=\":443\"; ma=2592000,h3-Q050=\":443\"; ma=2592000,h3-Q046=\":443\"; ma=2592000,h3-Q043=\":443\"; ma=2592000,quic=\":443\"; ma=2592000; v=\"46,43\"","accept-ranges":"none","transfer-encoding":"chunked"}
[debug] [2021-03-11T17:16:24.255Z] >>> HTTP REQUEST GET https://appengine.googleapis.com/v1/apps/ssr-debug-78dbc  
 
[debug] [2021-03-11T17:16:24.484Z] <<< HTTP RESPONSE 200 {"content-type":"application/json; charset=UTF-8","vary":"X-Origin, Referer, Origin,Accept-Encoding","date":"Thu, 11 Mar 2021 17:16:22 GMT","server":"ESF","cache-control":"private","x-xss-protection":"0","x-frame-options":"SAMEORIGIN","x-content-type-options":"nosniff","alt-svc":"h3-29=\":443\"; ma=2592000,h3-T051=\":443\"; ma=2592000,h3-Q050=\":443\"; ma=2592000,h3-Q046=\":443\"; ma=2592000,h3-Q043=\":443\"; ma=2592000,quic=\":443\"; ma=2592000; v=\"46,43\"","accept-ranges":"none","transfer-encoding":"chunked"}
[info] i  firebase.storage: checking storage.rules for compilation errors... 
[debug] [2021-03-11T17:16:24.488Z] >>> HTTP REQUEST POST https://firebaserules.googleapis.com/v1/projects/ssr-debug-78dbc:test  
 {"source":{"files":[{"name":"storage.rules","content":"rules_version = '2';\nservice firebase.storage {\n  match /b/{bucket}/o {\n    match /{allPaths=**} {\n      allow read, write: if request.auth!=null;\n    }\n  }\n}\n"}]}}
[debug] [2021-03-11T17:16:25.301Z] <<< HTTP RESPONSE 200 {"content-type":"application/json; charset=UTF-8","vary":"X-Origin, Referer, Origin,Accept-Encoding","date":"Thu, 11 Mar 2021 17:16:23 GMT","server":"ESF","cache-control":"private","x-xss-protection":"0","x-frame-options":"SAMEORIGIN","x-content-type-options":"nosniff","alt-svc":"h3-29=\":443\"; ma=2592000,h3-T051=\":443\"; ma=2592000,h3-Q050=\":443\"; ma=2592000,h3-Q046=\":443\"; ma=2592000,h3-Q043=\":443\"; ma=2592000,quic=\":443\"; ma=2592000; v=\"46,43\"","accept-ranges":"none","transfer-encoding":"chunked"}
[info] +  firebase.storage: rules file storage.rules compiled successfully 
[info] i  firestore: reading indexes from firestore.indexes.json... 
[info] i  cloud.firestore: checking firestore.rules for compilation errors... 
[debug] [2021-03-11T17:16:25.304Z] >>> HTTP REQUEST POST https://firebaserules.googleapis.com/v1/projects/ssr-debug-78dbc:test  
 {"source":{"files":[{"name":"firestore.rules","content":"rules_version = '2';\nservice cloud.firestore {\n  match /databases/{database}/documents {\n    match /{document=**} {\n      allow read, write: if false;\n    }\n  }\n}"}]}}
[debug] [2021-03-11T17:16:26.032Z] <<< HTTP RESPONSE 200 {"content-type":"application/json; charset=UTF-8","vary":"X-Origin, Referer, Origin,Accept-Encoding","date":"Thu, 11 Mar 2021 17:16:23 GMT","server":"ESF","cache-control":"private","x-xss-protection":"0","x-frame-options":"SAMEORIGIN","x-content-type-options":"nosniff","alt-svc":"h3-29=\":443\"; ma=2592000,h3-T051=\":443\"; ma=2592000,h3-Q050=\":443\"; ma=2592000,h3-Q046=\":443\"; ma=2592000,h3-Q043=\":443\"; ma=2592000,quic=\":443\"; ma=2592000; v=\"46,43\"","accept-ranges":"none","transfer-encoding":"chunked"}
[info] +  cloud.firestore: rules file firestore.rules compiled successfully 
[debug] [2021-03-11T17:16:26.107Z] Error: ENOENT: no such file or directory, stat 'C:\Users\s.schnydrig\Documents\GitHub\ssr_debug\dist\rro-ssr\package.json'
    at Object.statSync (fs.js:1086:3)
    at Object.load (C:\Users\s.schnydrig\AppData\Roaming\npm\node_modules\firebase-tools\node_modules\cjson\index.js:200:12)
    at getRuntimeChoiceFromPackageJson (C:\Users\s.schnydrig\AppData\Roaming\npm\node_modules\firebase-tools\lib\parseRuntimeAndValidateSDK.js:65:26)
    at Object.getRuntimeChoice (C:\Users\s.schnydrig\AppData\Roaming\npm\node_modules\firebase-tools\lib\parseRuntimeAndValidateSDK.js:73:42)
    at prepare (C:\Users\s.schnydrig\AppData\Roaming\npm\node_modules\firebase-tools\lib\deploy\functions\prepare.js:25:58)
    at _chain (C:\Users\s.schnydrig\AppData\Roaming\npm\node_modules\firebase-tools\lib\deploy\index.js:23:40)
    at C:\Users\s.schnydrig\AppData\Roaming\npm\node_modules\firebase-tools\lib\deploy\index.js:26:20
    at processTicksAndRejections (internal/process/task_queues.js:93:5)
[error] 
[error] Error: An unexpected error has occurred.
